<?xml version="1.0" encoding="UTF-8"?>
<!-- Generated by org.testng.reporters.JUnitXMLReporter -->
<testsuite ignored="0" hostname="DESKTOP-CTCF28I" failures="0" tests="21" name="AotuoYDTestSuite" time="50.993" errors="0" timestamp="2025-07-02T23:42:15 EDT">
  <testcase classname="AutoYDTest" name="clickFirstViewDetail" time="0.681"/>
  <testcase classname="AutoYDTest" name="edit_Return_valid" time="1.007"/>
  <testcase classname="AutoYDTest" name="edit_clearForm_valid" time="1.3"/>
  <testcase classname="AutoYDTest" name="edit_select_valid" time="2.787"/>
  <testcase classname="AutoYDTest" name="edit_webUrl_invalid" time="0.429"/>
  <testcase classname="AutoYDTest" name="valid_edit" time="0.997"/>
  <testcase classname="AutoYDTest" name="edit_fields_OnMax" time="0.972"/>
  <testcase classname="AutoYDTest" name="edit_fields_OnMax" time="1.051"/>
  <testcase classname="AutoYDTest" name="edit_fields_OnMax" time="1.33"/>
  <testcase classname="AutoYDTest" name="edit_fields_OnMax" time="0.933"/>
  <testcase classname="AutoYDTest" name="edit_fields_OnMax" time="1.643"/>
  <testcase classname="AutoYDTest" name="edit_fields_OnMax" time="0.989"/>
  <testcase classname="AutoYDTest" name="edit_fields_OnMax" time="1.349"/>
  <testcase classname="AutoYDTest" name="edit_fields_OnMax" time="0.995"/>
  <testcase classname="AutoYDTest" name="edit_fields_OnMax" time="1.538"/>
  <testcase classname="AutoYDTest" name="edit_fields_OnMax" time="0.865"/>
  <testcase classname="AutoYDTest" name="edit_fields_OnMax" time="2.13"/>
  <testcase classname="AutoYDTest" name="smokeTest_getTitle" time="0.032"/>
  <testcase classname="AutoYDTest" name="smokeTest_parameter" time="0.236"/>
  <testcase classname="AutoYDTest" name="addNewEntry_InvalidTestCases_FillAddressLine1" time="1.437"/>
  <testcase classname="AutoYDTest" name="addNewEntry_InvalidTestCases_FillFirstName" time="1.327"/>
</testsuite> <!-- AotuoYDTestSuite -->
