<?xml version="1.0" encoding="UTF-8"?>
<testng-results ignored="0" total="13" passed="13" failed="0" skipped="0">
  <reporter-output>
  </reporter-output>
  <suite started-at="2025-07-01T13:06:59 EDT" name="Suite" finished-at="2025-07-01T13:07:08 EDT" duration-ms="8989">
    <groups>
    </groups>
    <test started-at="2025-07-01T13:06:59 EDT" name="AotuoYDTestSuite" finished-at="2025-07-01T13:07:08 EDT" duration-ms="8989">
      <class name="AutoYDTest">
        <test-method is-config="true" signature="setUpBeforeClass()[pri:0, instance:AutoYDTest@3c0be339]" started-at="2025-07-01T13:06:58 EDT" name="setUpBeforeClass" finished-at="2025-07-01T13:06:59 EDT" duration-ms="1504" status="PASS">
          <reporter-output>
          </reporter-output>
        </test-method> <!-- setUpBeforeClass -->
        <test-method signature="smokeTest_getTitle()[pri:0, instance:AutoYDTest@3c0be339]" started-at="2025-07-01T13:06:59 EDT" name="smokeTest_getTitle" finished-at="2025-07-01T13:06:59 EDT" duration-ms="12" status="PASS">
          <reporter-output>
          </reporter-output>
        </test-method> <!-- smokeTest_getTitle -->
        <test-method signature="smokeTest_parameter(java.lang.String)[pri:0, instance:AutoYDTest@3c0be339]" started-at="2025-07-01T13:06:59 EDT" name="smokeTest_parameter" finished-at="2025-07-01T13:06:59 EDT" duration-ms="31" status="PASS">
          <params>
            <param index="0">
              <value>
                <![CDATA[Address Book]]>
              </value>
            </param>
          </params>
          <reporter-output>
          </reporter-output>
        </test-method> <!-- smokeTest_parameter -->
        <test-method signature="edit_fields_OnMax(java.lang.String,java.lang.String)[pri:1, instance:AutoYDTest@3c0be339]" started-at="2025-07-01T13:06:59 EDT" name="edit_fields_OnMax" data-provider="edit_fields_OnMax" finished-at="2025-07-01T13:07:00 EDT" duration-ms="922" status="PASS">
          <params>
            <param index="0">
              <value>
                <![CDATA[addr_first_name]]>
              </value>
            </param>
            <param index="1">
              <value>
                <![CDATA[H9fWYDwGeVaDw4cjr6jaV1ofmTPYBLjmEvidGHizagNbAjsOXz]]>
              </value>
            </param>
          </params>
          <reporter-output>
          </reporter-output>
        </test-method> <!-- edit_fields_OnMax -->
        <test-method signature="edit_fields_OnMax(java.lang.String,java.lang.String)[pri:1, instance:AutoYDTest@3c0be339]" started-at="2025-07-01T13:07:00 EDT" name="edit_fields_OnMax" data-provider="edit_fields_OnMax" finished-at="2025-07-01T13:07:01 EDT" duration-ms="953" status="PASS">
          <params>
            <param index="0">
              <value>
                <![CDATA[addr_last_name]]>
              </value>
            </param>
            <param index="1">
              <value>
                <![CDATA[UtJNZPUUTSWICK7NDHgDiQ7d5ZBa5wYJ1naPgA5vEKVcmSfppD]]>
              </value>
            </param>
          </params>
          <reporter-output>
          </reporter-output>
        </test-method> <!-- edit_fields_OnMax -->
        <test-method signature="edit_fields_OnMax(java.lang.String,java.lang.String)[pri:1, instance:AutoYDTest@3c0be339]" started-at="2025-07-01T13:07:01 EDT" name="edit_fields_OnMax" data-provider="edit_fields_OnMax" finished-at="2025-07-01T13:07:02 EDT" duration-ms="702" status="PASS">
          <params>
            <param index="0">
              <value>
                <![CDATA[addr_business]]>
              </value>
            </param>
            <param index="1">
              <value>
                <![CDATA[z6Ug7VBYstYlzA4xnKrkOlpRsboMORZ3gsmuAc6KuKns1lHSQiNl0uscejvEosT1SzTKiMsJcxW]]>
              </value>
            </param>
          </params>
          <reporter-output>
          </reporter-output>
        </test-method> <!-- edit_fields_OnMax -->
        <test-method signature="edit_fields_OnMax(java.lang.String,java.lang.String)[pri:1, instance:AutoYDTest@3c0be339]" started-at="2025-07-01T13:07:02 EDT" name="edit_fields_OnMax" data-provider="edit_fields_OnMax" finished-at="2025-07-01T13:07:02 EDT" duration-ms="289" status="PASS">
          <params>
            <param index="0">
              <value>
                <![CDATA[addr_addr_line_1]]>
              </value>
            </param>
            <param index="1">
              <value>
                <![CDATA[gHlQZjh7TbK2lMT7MbIwcJjXEOEeTVCf34EyfzTMp02B33zXIe8Qa5Lr3Q9f0wXx68JsCCYDUIL]]>
              </value>
            </param>
          </params>
          <reporter-output>
          </reporter-output>
        </test-method> <!-- edit_fields_OnMax -->
        <test-method signature="edit_fields_OnMax(java.lang.String,java.lang.String)[pri:1, instance:AutoYDTest@3c0be339]" started-at="2025-07-01T13:07:02 EDT" name="edit_fields_OnMax" data-provider="edit_fields_OnMax" finished-at="2025-07-01T13:07:03 EDT" duration-ms="788" status="PASS">
          <params>
            <param index="0">
              <value>
                <![CDATA[addr_city]]>
              </value>
            </param>
            <param index="1">
              <value>
                <![CDATA[X2wORglVpTTABAKtxiUHpgyw2IOZBn3CDMmA9VwtkwziVULUdV]]>
              </value>
            </param>
          </params>
          <reporter-output>
          </reporter-output>
        </test-method> <!-- edit_fields_OnMax -->
        <test-method signature="edit_fields_OnMax(java.lang.String,java.lang.String)[pri:1, instance:AutoYDTest@3c0be339]" started-at="2025-07-01T13:07:03 EDT" name="edit_fields_OnMax" data-provider="edit_fields_OnMax" finished-at="2025-07-01T13:07:04 EDT" duration-ms="733" status="PASS">
          <params>
            <param index="0">
              <value>
                <![CDATA[addr_region]]>
              </value>
            </param>
            <param index="1">
              <value>
                <![CDATA[qUgUfHeeLApcKWXrSQIm8D1wY7Ms04fKNSGqi8mm12XLsof1F6]]>
              </value>
            </param>
          </params>
          <reporter-output>
          </reporter-output>
        </test-method> <!-- edit_fields_OnMax -->
        <test-method signature="edit_fields_OnMax(java.lang.String,java.lang.String)[pri:1, instance:AutoYDTest@3c0be339]" started-at="2025-07-01T13:07:04 EDT" name="edit_fields_OnMax" data-provider="edit_fields_OnMax" finished-at="2025-07-01T13:07:04 EDT" duration-ms="704" status="PASS">
          <params>
            <param index="0">
              <value>
                <![CDATA[addr_country]]>
              </value>
            </param>
            <param index="1">
              <value>
                <![CDATA[fyQLRT9IlC3i9QXPUfah1EdV8uQZ44iy7mTht1GAgzcQDOuLix]]>
              </value>
            </param>
          </params>
          <reporter-output>
          </reporter-output>
        </test-method> <!-- edit_fields_OnMax -->
        <test-method signature="edit_fields_OnMax(java.lang.String,java.lang.String)[pri:1, instance:AutoYDTest@3c0be339]" started-at="2025-07-01T13:07:04 EDT" name="edit_fields_OnMax" data-provider="edit_fields_OnMax" finished-at="2025-07-01T13:07:05 EDT" duration-ms="714" status="PASS">
          <params>
            <param index="0">
              <value>
                <![CDATA[addr_post_code]]>
              </value>
            </param>
            <param index="1">
              <value>
                <![CDATA[BpKefSTdrzYcOXIG4jDs]]>
              </value>
            </param>
          </params>
          <reporter-output>
          </reporter-output>
        </test-method> <!-- edit_fields_OnMax -->
        <test-method signature="edit_fields_OnMax(java.lang.String,java.lang.String)[pri:1, instance:AutoYDTest@3c0be339]" started-at="2025-07-01T13:07:05 EDT" name="edit_fields_OnMax" data-provider="edit_fields_OnMax" finished-at="2025-07-01T13:07:06 EDT" duration-ms="1126" status="PASS">
          <params>
            <param index="0">
              <value>
                <![CDATA[addr_email_1]]>
              </value>
            </param>
            <param index="1">
              <value>
                <![CDATA[XSMFyZm757GJEjqzKlzGMzbpngHib6aEFrh9rFHZAb5sAZxDeH70xuqXWOym5OcWv90eoG9BtaQgpNGR6adOZmj6BC6pwDrbluBKrIY1Hd2YDnrxiJnXpB6XsE5c@com]]>
              </value>
            </param>
          </params>
          <reporter-output>
          </reporter-output>
        </test-method> <!-- edit_fields_OnMax -->
        <test-method signature="edit_fields_OnMax(java.lang.String,java.lang.String)[pri:1, instance:AutoYDTest@3c0be339]" started-at="2025-07-01T13:07:06 EDT" name="edit_fields_OnMax" data-provider="edit_fields_OnMax" finished-at="2025-07-01T13:07:07 EDT" duration-ms="966" status="PASS">
          <params>
            <param index="0">
              <value>
                <![CDATA[addr_phone_1]]>
              </value>
            </param>
            <param index="1">
              <value>
                <![CDATA[Xrr9jMo9CTWJYeXpvRjrkHdLa]]>
              </value>
            </param>
          </params>
          <reporter-output>
          </reporter-output>
        </test-method> <!-- edit_fields_OnMax -->
        <test-method signature="edit_fields_OnMax(java.lang.String,java.lang.String)[pri:1, instance:AutoYDTest@3c0be339]" started-at="2025-07-01T13:07:07 EDT" name="edit_fields_OnMax" data-provider="edit_fields_OnMax" finished-at="2025-07-01T13:07:08 EDT" duration-ms="983" status="PASS">
          <params>
            <param index="0">
              <value>
                <![CDATA[addr_web_url_1]]>
              </value>
            </param>
            <param index="1">
              <value>
                <![CDATA[http://QKi2HeXANtyQbF1wNXWzKMR4cGmRiq3kFFzedocSuqMI96ePyf2m5NFIDOzo6tbWJ9Wfnm2qWClJLS4ewkEtpchG87KOOnq5Yds41FXFMp8tFvoYw1R2r2pzD]]>
              </value>
            </param>
          </params>
          <reporter-output>
          </reporter-output>
        </test-method> <!-- edit_fields_OnMax -->
      </class> <!-- AutoYDTest -->
    </test> <!-- AotuoYDTestSuite -->
  </suite> <!-- Suite -->
</testng-results>
