<?xml version="1.0" encoding="UTF-8"?>
<!-- Generated by org.testng.reporters.JUnitReportReporter -->
<testsuite hostname="DESKTOP-CTCF28I" failures="0" tests="21" name="AutoYDTest" time="50.854" errors="0" timestamp="2025-07-02T23:42:15 EDT" skipped="0">
  <testcase classname="AutoYDTest" name="clickFirstViewDetail" time="2.194"/>
  <testcase classname="AutoYDTest" name="edit_Return_valid" time="2.501"/>
  <testcase classname="AutoYDTest" name="edit_select_valid" time="3.943"/>
  <testcase classname="AutoYDTest" name="valid_edit" time="2.262"/>
  <testcase classname="AutoYDTest" name="edit_clearForm_valid" time="2.280"/>
  <testcase classname="AutoYDTest" name="edit_webUrl_invalid" time="1.536"/>
  <testcase classname="AutoYDTest" name="edit_fields_OnMax" time="2.258"/>
  <testcase classname="AutoYDTest" name="edit_fields_OnMax" time="2.014"/>
  <testcase classname="AutoYDTest" name="edit_fields_OnMax" time="2.283"/>
  <testcase classname="AutoYDTest" name="edit_fields_OnMax" time="2.661"/>
  <testcase classname="AutoYDTest" name="edit_fields_OnMax" time="3.318"/>
  <testcase classname="AutoYDTest" name="edit_fields_OnMax" time="2.808"/>
  <testcase classname="AutoYDTest" name="edit_fields_OnMax" time="2.625"/>
  <testcase classname="AutoYDTest" name="edit_fields_OnMax" time="2.263"/>
  <testcase classname="AutoYDTest" name="edit_fields_OnMax" time="3.161"/>
  <testcase classname="AutoYDTest" name="edit_fields_OnMax" time="2.108"/>
  <testcase classname="AutoYDTest" name="edit_fields_OnMax" time="2.479"/>
  <testcase classname="AutoYDTest" name="smokeTest_getTitle" time="1.406"/>
  <testcase classname="AutoYDTest" name="smokeTest_parameter" time="1.673"/>
  <testcase classname="AutoYDTest" name="addNewEntry_InvalidTestCases_FillAddressLine1" time="2.686"/>
  <testcase classname="AutoYDTest" name="addNewEntry_InvalidTestCases_FillFirstName" time="2.395"/>
</testsuite> <!-- AutoYDTest -->
